<?xml version="1.0" encoding="UTF-8"?>
<!-- Generated by org.testng.reporters.JUnitReportReporter -->
<testsuite hostname="DESKTOP-05DQ1KT" name="com.NetBanking.TestCases.TC_AddNewCustomer_003" tests="3" failures="0" timestamp="22 Apr 2020 14:06:32 GMT" time="18.687" errors="0">
  <testcase name="login_test" time="4.954" classname="com.NetBanking.TestCases.TC_AddNewCustomer_003"/>
  <testcase name="add_new_customer_test" time="13.702" classname="com.NetBanking.TestCases.TC_AddNewCustomer_003"/>
  <testcase name="validation" time="0.031" classname="com.NetBanking.TestCases.TC_AddNewCustomer_003"/>
</testsuite> <!-- com.NetBanking.TestCases.TC_AddNewCustomer_003 -->
