<?xml version="1.0" encoding="UTF-8"?>
<!-- Generated by org.testng.reporters.JUnitReportReporter -->
<testsuite hostname="DESKTOP-05DQ1KT" name="com.NetBanking.TestCases.TC_AddNewCustomer_003" tests="3" failures="0" timestamp="19 Apr 2020 11:56:37 GMT" time="17.901" errors="0">
  <testcase name="add_new_customer_test" time="13.244" classname="com.NetBanking.TestCases.TC_AddNewCustomer_003"/>
  <testcase name="validation" time="0.017" classname="com.NetBanking.TestCases.TC_AddNewCustomer_003"/>
  <testcase name="login_test" time="4.640" classname="com.NetBanking.TestCases.TC_AddNewCustomer_003"/>
</testsuite> <!-- com.NetBanking.TestCases.TC_AddNewCustomer_003 -->
