<?xml version="1.0" encoding="UTF-8"?>
<!-- Generated by org.testng.reporters.JUnitReportReporter -->
<testsuite hostname="DESKTOP-05DQ1KT" name="com.NetBanking.TestCases.TC_LoginTest_001" tests="2" failures="0" timestamp="22 Apr 2020 14:06:32 GMT" time="7.776" errors="0">
  <testcase name="logintest" time="5.045" classname="com.NetBanking.TestCases.TC_LoginTest_001"/>
  <testcase name="logout_test" time="2.731" classname="com.NetBanking.TestCases.TC_LoginTest_001"/>
</testsuite> <!-- com.NetBanking.TestCases.TC_LoginTest_001 -->
