<?xml version="1.0" encoding="UTF-8"?>
<!-- Generated by org.testng.reporters.JUnitReportReporter -->
<testsuite hostname="DESKTOP-05DQ1KT" name="com.NetBanking.TestCases.TC_LoginTest_001" tests="2" failures="0" timestamp="17 Apr 2020 07:02:42 GMT" time="28.148" errors="0">
  <testcase name="logout_test" time="1.600" classname="com.NetBanking.TestCases.TC_LoginTest_001"/>
  <testcase name="logintest" time="26.548" classname="com.NetBanking.TestCases.TC_LoginTest_001"/>
</testsuite> <!-- com.NetBanking.TestCases.TC_LoginTest_001 -->
