<?xml version="1.0" encoding="UTF-8"?>
<!-- Generated by org.testng.reporters.JUnitReportReporter -->
<testsuite hostname="DESKTOP-05DQ1KT" name="com.NetBanking.TestCases.TC_LoginTest_001" tests="2" failures="0" timestamp="24 Apr 2020 04:41:06 GMT" time="4.705" errors="0">
  <testcase name="logout_test" time="1.828" classname="com.NetBanking.TestCases.TC_LoginTest_001"/>
  <testcase name="logintest" time="2.877" classname="com.NetBanking.TestCases.TC_LoginTest_001"/>
</testsuite> <!-- com.NetBanking.TestCases.TC_LoginTest_001 -->
