<?xml version="1.0" encoding="UTF-8"?>
<!-- Generated by org.testng.reporters.JUnitReportReporter -->
<testsuite skipped="0" hostname="DESKTOP-05DQ1KT" name="com.NetBanking.TestCases.TC_AddNewCustomer_003" tests="3" failures="0" timestamp="19 Apr 2020 14:57:41 GMT" time="18.879" errors="0">
  <testcase name="login_test" time="4.792" classname="com.NetBanking.TestCases.TC_AddNewCustomer_003"/>
  <testcase name="add_new_customer_test" time="14.055" classname="com.NetBanking.TestCases.TC_AddNewCustomer_003"/>
  <testcase name="validation" time="0.032" classname="com.NetBanking.TestCases.TC_AddNewCustomer_003"/>
</testsuite> <!-- com.NetBanking.TestCases.TC_AddNewCustomer_003 -->
