<?xml version="1.0" encoding="UTF-8"?>
<!-- Generated by org.testng.reporters.JUnitReportReporter -->
<testsuite skipped="0" hostname="DESKTOP-05DQ1KT" name="com.NetBanking.TestCases.TC_LoginTest_001" tests="2" failures="0" timestamp="19 Apr 2020 14:57:41 GMT" time="4.493" errors="0">
  <testcase name="logintest" time="1.950" classname="com.NetBanking.TestCases.TC_LoginTest_001"/>
  <testcase name="logout_test" time="2.543" classname="com.NetBanking.TestCases.TC_LoginTest_001"/>
</testsuite> <!-- com.NetBanking.TestCases.TC_LoginTest_001 -->
