<?xml version="1.0" encoding="UTF-8"?>
<!-- Generated by org.testng.reporters.JUnitReportReporter -->
<testsuite skipped="0" hostname="DESKTOP-05DQ1KT" name="com.NetBanking.TestCases.TC_AddNewCustomer_003" tests="3" failures="0" timestamp="21 Apr 2020 08:59:26 GMT" time="19.363" errors="0">
  <testcase name="login_test" time="5.314" classname="com.NetBanking.TestCases.TC_AddNewCustomer_003"/>
  <testcase name="add_new_customer_test" time="13.996" classname="com.NetBanking.TestCases.TC_AddNewCustomer_003"/>
  <testcase name="validation" time="0.053" classname="com.NetBanking.TestCases.TC_AddNewCustomer_003"/>
</testsuite> <!-- com.NetBanking.TestCases.TC_AddNewCustomer_003 -->
