<?xml version="1.0" encoding="UTF-8"?>
<!-- Generated by org.testng.reporters.JUnitReportReporter -->
<testsuite skipped="0" hostname="DESKTOP-05DQ1KT" name="com.NetBanking.TestCases.TC_AddNewCustomer_003" tests="3" failures="0" timestamp="21 Apr 2020 06:46:48 GMT" time="20.707" errors="0">
  <testcase name="login_test" time="5.634" classname="com.NetBanking.TestCases.TC_AddNewCustomer_003"/>
  <testcase name="add_new_customer_test" time="15.040" classname="com.NetBanking.TestCases.TC_AddNewCustomer_003"/>
  <testcase name="validation" time="0.033" classname="com.NetBanking.TestCases.TC_AddNewCustomer_003"/>
</testsuite> <!-- com.NetBanking.TestCases.TC_AddNewCustomer_003 -->
