<?xml version="1.0" encoding="UTF-8"?>
<!-- Generated by org.testng.reporters.JUnitReportReporter -->
<testsuite skipped="0" hostname="DESKTOP-05DQ1KT" name="com.NetBanking.TestCases.TC_LoginTest_001" tests="2" failures="0" timestamp="21 Apr 2020 06:46:48 GMT" time="6.477" errors="0">
  <testcase name="logintest" time="3.731" classname="com.NetBanking.TestCases.TC_LoginTest_001"/>
  <testcase name="logout_test" time="2.746" classname="com.NetBanking.TestCases.TC_LoginTest_001"/>
</testsuite> <!-- com.NetBanking.TestCases.TC_LoginTest_001 -->
