<?xml version="1.0" encoding="UTF-8"?>
<!-- Generated by org.testng.reporters.JUnitReportReporter -->
<testsuite skipped="0" hostname="DESKTOP-05DQ1KT" name="com.NetBanking.TestCases.TC_LoginTest_001" tests="2" failures="0" timestamp="21 Apr 2020 08:59:26 GMT" time="5.807" errors="0">
  <testcase name="logintest" time="2.596" classname="com.NetBanking.TestCases.TC_LoginTest_001"/>
  <testcase name="logout_test" time="3.211" classname="com.NetBanking.TestCases.TC_LoginTest_001"/>
</testsuite> <!-- com.NetBanking.TestCases.TC_LoginTest_001 -->
